<?xml version="1.0" encoding="UTF-8"?>
<!-- Generated by org.testng.reporters.JUnitXMLReporter -->
<testsuite ignored="0" hostname="DANNYA01" failures="0" tests="5" name="Default test" time="4.753" errors="0" timestamp="2023-07-25T11:36:07 IDT">
  <testcase classname="testAssigment.Testing" name="Test1" time="2.424"/>
  <testcase classname="testAssigment.Testing" name="Test2" time="1.319"/>
  <testcase classname="testAssigment.Testing" name="Test3" time="0.336"/>
  <testcase classname="testAssigment.Testing" name="Test4" time="0.315"/>
  <testcase classname="testAssigment.Testing" name="Test5" time="0.277"/>
</testsuite> <!-- Default test -->
