<?xml version="1.0" encoding="UTF-8"?>
<testng-results ignored="0" total="5" passed="5" failed="0" skipped="0">
  <reporter-output>
  </reporter-output>
  <suite started-at="2023-07-25T11:36:02 IDT" name="Default suite" finished-at="2023-07-25T11:36:07 IDT" duration-ms="4753">
    <groups>
    </groups>
    <test started-at="2023-07-25T11:36:02 IDT" name="Default test" finished-at="2023-07-25T11:36:07 IDT" duration-ms="4753">
      <class name="testAssigment.Testing">
        <test-method signature="Test1()[pri:0, instance:testAssigment.Testing@3059cbc]" started-at="2023-07-25T11:36:02 IDT" name="Test1" finished-at="2023-07-25T11:36:04 IDT" duration-ms="2424" status="PASS">
          <reporter-output>
          </reporter-output>
        </test-method> <!-- Test1 -->
        <test-method signature="Test2()[pri:0, instance:testAssigment.Testing@3059cbc]" started-at="2023-07-25T11:36:04 IDT" name="Test2" finished-at="2023-07-25T11:36:06 IDT" duration-ms="1319" status="PASS">
          <reporter-output>
          </reporter-output>
        </test-method> <!-- Test2 -->
        <test-method signature="Test3()[pri:0, instance:testAssigment.Testing@3059cbc]" started-at="2023-07-25T11:36:06 IDT" name="Test3" finished-at="2023-07-25T11:36:06 IDT" duration-ms="336" status="PASS">
          <reporter-output>
          </reporter-output>
        </test-method> <!-- Test3 -->
        <test-method signature="Test4()[pri:0, instance:testAssigment.Testing@3059cbc]" started-at="2023-07-25T11:36:06 IDT" name="Test4" finished-at="2023-07-25T11:36:06 IDT" duration-ms="315" status="PASS">
          <reporter-output>
          </reporter-output>
        </test-method> <!-- Test4 -->
        <test-method signature="Test5()[pri:0, instance:testAssigment.Testing@3059cbc]" started-at="2023-07-25T11:36:06 IDT" name="Test5" finished-at="2023-07-25T11:36:07 IDT" duration-ms="277" status="PASS">
          <reporter-output>
          </reporter-output>
        </test-method> <!-- Test5 -->
      </class> <!-- testAssigment.Testing -->
    </test> <!-- Default test -->
  </suite> <!-- Default suite -->
</testng-results>
